
[BOOT] ArcadeOS starting...
[FB] Bochs dispi: page flipping enabled (double-height VRAM)
ArcadeOS v1.0.0 - console kernel booting
[FB] Linear framebuffer: 640x480x32 @ 0xFD000000
[PMM] Initializing physical memory manager...
[PMM] Memory: 127 MiB (130940 KiB)
[PMM] Parsing memory map (168 bytes)...
[PMM] Ready: 31294 free pages (125176 KiB)
[HEAP] Initialized: 1024 KiB at 0x001A1000 (256 pages)
[PAGING] Initializing virtual memory (4-level)...
[PAGING] NX enabled (W^X for user pages)
[PAGING] Enabled! Identity-mapped 132 MiB (2 MiB pages, 4-level)
[PCI] Scanning buses...
[PCI] Found 9 device functions
[USB] Probing for host controllers...
[USB] UHCI (USB 1.1) controller at PCI 0:1.2 (vendor 0x00008086)
[UHCI] Running at I/O 0x0000C600 (2 root ports, schedule at 0x002A5000)
[PAD] Controller stack ready (keyboard: pads 0+1)
[PAD] P1: arrows X/Z/C/V Enter/Tab  P2: WASD R/T/F/G
[GFX] Double buffer ready: 640x480x32 (300 pages)
[VFS] Initialized
[VFS] Mounted 'dev' at /dev
[DEVFS] /dev/tty and /dev/null ready
[VFS] Mounted 'root' at /
[SCHED] Initializing scheduler...
[SCHED] Ready (20ms quantum)
[TSS] Loaded (rsp0=0x001A3018)
[SYSCALL] int 0x80 registered (DPL=3)
[AC97] Codec at NAM 0x0000C000 NABM 0x0000C400 (48 kHz ring, always running)
[NET] RTL8139 at I/O 0x0000C500 MAC 52:54:00:12:34:56
[NET] IP 10.0.2.15, REST API on port 80
[AHCI] SATA disk on port 0 (ABAR 0xFEBD2000)
[FAT32] Volume mounted (64 MiB, 8 sectors/cluster)
[VFS] Mounted 'fat32' at /games
[TASK] Created: idle (ID 0)
[BOOT] Starting launcher (Ring 3)...
[BOOT] Kernel init complete
[TASK] Created: /games/LAUNCHER.ELF (ID 1)
[EXEC] Loading ELF '/games/LAUNCHER.ELF'...
[EXEC] Jumping to Ring 3 (RIP: 0x00401000)...
[HTTP] GET /api/status -> 200
[HTTP] GET /api/games -> 200
[HTTP] GET /api/scores -> 200
[SAVE] Wrote LAUNCH0.SAV
[TASK] Created: /games/PONG.ELF (ID 2)
[EXEC] Loading ELF '/games/PONG.ELF'...
[EXEC] Jumping to Ring 3 (RIP: 0x00401000)...
